\BOOKMARK [0][-]{chapter.1}{Objetivo}{}% 1
\BOOKMARK [1][-]{section.1.1}{Descri\347\343o do cen\341rio}{chapter.1}% 2
\BOOKMARK [1][-]{section.1.2}{Objetivos do trabalho}{chapter.1}% 3
\BOOKMARK [0][-]{chapter.2}{Especifica\347\343o}{}% 4
\BOOKMARK [1][-]{section.2.1}{Identifica\347\343o e caracteriza\347\343o dos agentes}{chapter.2}% 5
\BOOKMARK [2][-]{subsection.2.1.1}{Spotter}{section.2.1}% 6
\BOOKMARK [2][-]{subsection.2.1.2}{Producer}{section.2.1}% 7
\BOOKMARK [2][-]{subsection.2.1.3}{Transporter}{section.2.1}% 8
\BOOKMARK [1][-]{section.2.2}{Protocolos de intera\347\343o}{chapter.2}% 9
\BOOKMARK [2][-]{subsection.2.2.1}{Divis\343o de espa\347os}{section.2.2}% 10
\BOOKMARK [2][-]{subsection.2.2.2}{Afeta\347\343o de producers}{section.2.2}% 11
\BOOKMARK [2][-]{subsection.2.2.3}{Afeta\347\343o de transporters}{section.2.2}% 12
\BOOKMARK [0][-]{chapter.3}{Desenvolvimento}{}% 13
\BOOKMARK [1][-]{section.3.1}{Plataformas utilizadas}{chapter.3}% 14
\BOOKMARK [2][-]{subsection.3.1.1}{JADE}{section.3.1}% 15
\BOOKMARK [2][-]{subsection.3.1.2}{Repast 3}{section.3.1}% 16
\BOOKMARK [2][-]{subsection.3.1.3}{SAJaS}{section.3.1}% 17
\BOOKMARK [2][-]{subsection.3.1.4}{Realce das funcionalidades relevantes para o trabalho}{section.3.1}% 18
\BOOKMARK [2][-]{subsection.3.1.5}{Ambiente de desenvolvimento}{section.3.1}% 19
\BOOKMARK [1][-]{section.3.2}{Estrutura da aplica\347\343o}{chapter.3}% 20
\BOOKMARK [1][-]{section.3.3}{Detalhes relevantes da implementa\347\343o}{chapter.3}% 21
\BOOKMARK [0][-]{chapter.4}{Experi\352ncias}{}% 22
\BOOKMARK [1][-]{section.4.1}{Objetivos de cada experi\352ncia}{chapter.4}% 23
\BOOKMARK [1][-]{section.4.2}{Resultados}{chapter.4}% 24
\BOOKMARK [0][-]{chapter.5}{Conclus\365es}{}% 25
\BOOKMARK [1][-]{section.5.1}{Da an\341lise dos resultados das experi\352ncias levadas a cabo}{chapter.5}% 26
\BOOKMARK [1][-]{section.5.2}{Do desenvolvimento do trabalho e aplicabilidade de SMA ao cen\341rio proposto}{chapter.5}% 27
\BOOKMARK [0][-]{chapter.6}{Melhoramentos}{}% 28
\BOOKMARK [0][-]{chapter.7}{Recursos}{}% 29
\BOOKMARK [1][-]{section.7.1}{Bibliografia}{chapter.7}% 30
\BOOKMARK [1][-]{section.7.2}{Software}{chapter.7}% 31
\BOOKMARK [1][-]{section.7.3}{Elementos do grupo}{chapter.7}% 32
\BOOKMARK [0][-]{chapter.8}{Ap\352ndice}{}% 33
