\BOOKMARK [0][-]{chapter.1}{Enunciado}{}% 1
\BOOKMARK [1][-]{section.1.1}{Descri\347\343o do cen\341rio}{chapter.1}% 2
\BOOKMARK [1][-]{section.1.2}{Objetivos do trabalho}{chapter.1}% 3
\BOOKMARK [1][-]{section.1.3}{Resultados esperados e forma de avalia\347\343o}{chapter.1}% 4
\BOOKMARK [0][-]{chapter.2}{Plataforma/Ferramenta}{}% 5
\BOOKMARK [1][-]{section.2.1}{Para que serve}{chapter.2}% 6
\BOOKMARK [2][-]{subsection.2.1.1}{JADE}{section.2.1}% 7
\BOOKMARK [2][-]{subsection.2.1.2}{Repast 3}{section.2.1}% 8
\BOOKMARK [2][-]{subsection.2.1.3}{SAJaS}{section.2.1}% 9
\BOOKMARK [1][-]{section.2.2}{Descri\347\343o das caracter\355sticas principais}{chapter.2}% 10
\BOOKMARK [2][-]{subsection.2.2.1}{JADE}{section.2.2}% 11
\BOOKMARK [2][-]{subsection.2.2.2}{Repast 3}{section.2.2}% 12
\BOOKMARK [2][-]{subsection.2.2.3}{SAJaS}{section.2.2}% 13
\BOOKMARK [1][-]{section.2.3}{Realce das funcionalidades relevantes para o trabalho}{chapter.2}% 14
\BOOKMARK [0][-]{chapter.3}{Especifica\347\343o}{}% 15
\BOOKMARK [1][-]{section.3.1}{Identifica\347\343o e caracteriza\347\343o dos agentes \(arquitetura, comportamento, estrat\351gias\)}{chapter.3}% 16
\BOOKMARK [2][-]{subsection.3.1.1}{Spotter}{section.3.1}% 17
\BOOKMARK [2][-]{subsection.3.1.2}{Producer}{section.3.1}% 18
\BOOKMARK [2][-]{subsection.3.1.3}{Transporter}{section.3.1}% 19
\BOOKMARK [1][-]{section.3.2}{Protocolos de intera\347\343o}{chapter.3}% 20
\BOOKMARK [2][-]{subsection.3.2.1}{Divis\343o de espa\347os}{section.3.2}% 21
\BOOKMARK [2][-]{subsection.3.2.2}{Afeta\347\343o de producers}{section.3.2}% 22
\BOOKMARK [2][-]{subsection.3.2.3}{Afeta\347\343o de transporters}{section.3.2}% 23
\BOOKMARK [1][-]{section.3.3}{Faseamento do projeto}{chapter.3}% 24
\BOOKMARK [0][-]{chapter.4}{Recursos}{}% 25
\BOOKMARK [1][-]{section.4.1}{Bibliografia}{chapter.4}% 26
\BOOKMARK [1][-]{section.4.2}{Software}{chapter.4}% 27
